Command line invocation:
    /Applications/Xcode.app/Contents/Developer/usr/bin/xcodebuild -scheme TonyGym -sdk iphonesimulator -destination "platform=iOS Simulator,name=iPhone 17 Pro" clean build

Build settings from command line:
    SDKROOT = iphonesimulator26.0

CreateBuildRequest

SendProjectDescription

CreateBuildOperation

** CLEAN SUCCEEDED **

ComputePackagePrebuildTargetDependencyGraph

Prepare packages

CreateBuildRequest

SendProjectDescription

CreateBuildOperation

ComputeTargetDependencyGraph
note: Building targets in dependency order
note: Target dependency graph (2 targets)
    Target 'TonyGym' in project 'TonyGym'
        ➜ Explicit dependency on target 'TodayWorkoutWidgetExtension' in project 'TonyGym'
    Target 'TodayWorkoutWidgetExtension' in project 'TonyGym' (no dependencies)

GatherProvisioningInputs

CreateBuildDescription

ExecuteExternalTool /Applications/Xcode.app/Contents/Developer/Toolchains/XcodeDefault.xctoolchain/usr/bin/clang -v -E -dM -isysroot /Applications/Xcode.app/Contents/Developer/Platforms/iPhoneSimulator.platform/Developer/SDKs/iPhoneSimulator26.0.sdk -x c -c /dev/null

ExecuteExternalTool /Applications/Xcode.app/Contents/Developer/usr/bin/actool --version --output-format xml1

ExecuteExternalTool /Applications/Xcode.app/Contents/Developer/usr/bin/actool --print-asset-tag-combinations --output-format xml1 /Users/pafego/Desktop/swiftUI/TonyGym/TonyGym/AppIcon.icon

ExecuteExternalTool /Applications/Xcode.app/Contents/Developer/Toolchains/XcodeDefault.xctoolchain/usr/bin/swiftc --version

ExecuteExternalTool /Applications/Xcode.app/Contents/Developer/Toolchains/XcodeDefault.xctoolchain/usr/bin/ld -version_details

Build description signature: f210d0f804402fa7bb501fb24162e07e
Build description path: /Users/pafego/Library/Developer/Xcode/DerivedData/TonyGym-ezkmaxmmsdrivicfrlzviyflzeca/Build/Intermediates.noindex/XCBuildData/f210d0f804402fa7bb501fb24162e07e.xcbuilddata
ClangStatCache /Applications/Xcode.app/Contents/Developer/Toolchains/XcodeDefault.xctoolchain/usr/bin/clang-stat-cache /Applications/Xcode.app/Contents/Developer/Platforms/iPhoneSimulator.platform/Developer/SDKs/iPhoneSimulator26.0.sdk /Users/pafego/Library/Developer/Xcode/DerivedData/SDKStatCaches.noindex/iphonesimulator26.0-23A339-26257891a6c027eb51374368541b8346.sdkstatcache
    cd /Users/pafego/Desktop/swiftUI/TonyGym/TonyGym.xcodeproj
    /Applications/Xcode.app/Contents/Developer/Toolchains/XcodeDefault.xctoolchain/usr/bin/clang-stat-cache /Applications/Xcode.app/Contents/Developer/Platforms/iPhoneSimulator.platform/Developer/SDKs/iPhoneSimulator26.0.sdk -o /Users/pafego/Library/Developer/Xcode/DerivedData/SDKStatCaches.noindex/iphonesimulator26.0-23A339-26257891a6c027eb51374368541b8346.sdkstatcache

CreateBuildDirectory /Users/pafego/Library/Developer/Xcode/DerivedData/TonyGym-ezkmaxmmsdrivicfrlzviyflzeca/Build/Products
    cd /Users/pafego/Desktop/swiftUI/TonyGym/TonyGym.xcodeproj
    builtin-create-build-directory /Users/pafego/Library/Developer/Xcode/DerivedData/TonyGym-ezkmaxmmsdrivicfrlzviyflzeca/Build/Products

CreateBuildDirectory /Users/pafego/Library/Developer/Xcode/DerivedData/TonyGym-ezkmaxmmsdrivicfrlzviyflzeca/Build/Intermediates.noindex
    cd /Users/pafego/Desktop/swiftUI/TonyGym/TonyGym.xcodeproj
    builtin-create-build-directory /Users/pafego/Library/Developer/Xcode/DerivedData/TonyGym-ezkmaxmmsdrivicfrlzviyflzeca/Build/Intermediates.noindex

CreateBuildDirectory /Users/pafego/Library/Developer/Xcode/DerivedData/TonyGym-ezkmaxmmsdrivicfrlzviyflzeca/Build/Intermediates.noindex/SwiftExplicitPrecompiledModules
    cd /Users/pafego/Desktop/swiftUI/TonyGym/TonyGym.xcodeproj
    builtin-create-build-directory /Users/pafego/Library/Developer/Xcode/DerivedData/TonyGym-ezkmaxmmsdrivicfrlzviyflzeca/Build/Intermediates.noindex/SwiftExplicitPrecompiledModules

CreateBuildDirectory /Users/pafego/Library/Developer/Xcode/DerivedData/TonyGym-ezkmaxmmsdrivicfrlzviyflzeca/Build/Intermediates.noindex/ExplicitPrecompiledModules
    cd /Users/pafego/Desktop/swiftUI/TonyGym/TonyGym.xcodeproj
    builtin-create-build-directory /Users/pafego/Library/Developer/Xcode/DerivedData/TonyGym-ezkmaxmmsdrivicfrlzviyflzeca/Build/Intermediates.noindex/ExplicitPrecompiledModules

CreateBuildDirectory /Users/pafego/Library/Developer/Xcode/DerivedData/TonyGym-ezkmaxmmsdrivicfrlzviyflzeca/Build/Products/Debug-iphonesimulator
    cd /Users/pafego/Desktop/swiftUI/TonyGym/TonyGym.xcodeproj
    builtin-create-build-directory /Users/pafego/Library/Developer/Xcode/DerivedData/TonyGym-ezkmaxmmsdrivicfrlzviyflzeca/Build/Products/Debug-iphonesimulator

WriteAuxiliaryFile /Users/pafego/Library/Developer/Xcode/DerivedData/TonyGym-ezkmaxmmsdrivicfrlzviyflzeca/Build/Intermediates.noindex/TonyGym.build/Debug-iphonesimulator/TonyGym-ff9e6320663f5fe7a1fd527c3f6df2f5-VFS-iphonesimulator/all-product-headers.yaml
    cd /Users/pafego/Desktop/swiftUI/TonyGym/TonyGym.xcodeproj
    write-file /Users/pafego/Library/Developer/Xcode/DerivedData/TonyGym-ezkmaxmmsdrivicfrlzviyflzeca/Build/Intermediates.noindex/TonyGym.build/Debug-iphonesimulator/TonyGym-ff9e6320663f5fe7a1fd527c3f6df2f5-VFS-iphonesimulator/all-product-headers.yaml

CreateBuildDirectory /Users/pafego/Library/Developer/Xcode/DerivedData/TonyGym-ezkmaxmmsdrivicfrlzviyflzeca/Build/Intermediates.noindex/EagerLinkingTBDs/Debug-iphonesimulator
    cd /Users/pafego/Desktop/swiftUI/TonyGym/TonyGym.xcodeproj
    builtin-create-build-directory /Users/pafego/Library/Developer/Xcode/DerivedData/TonyGym-ezkmaxmmsdrivicfrlzviyflzeca/Build/Intermediates.noindex/EagerLinkingTBDs/Debug-iphonesimulator

WriteAuxiliaryFile /Users/pafego/Library/Developer/Xcode/DerivedData/TonyGym-ezkmaxmmsdrivicfrlzviyflzeca/Build/Intermediates.noindex/TonyGym.build/Debug-iphonesimulator/TonyGym.build/TonyGym-project-headers.hmap (in target 'TonyGym' from project 'TonyGym')
    cd /Users/pafego/Desktop/swiftUI/TonyGym
    write-file /Users/pafego/Library/Developer/Xcode/DerivedData/TonyGym-ezkmaxmmsdrivicfrlzviyflzeca/Build/Intermediates.noindex/TonyGym.build/Debug-iphonesimulator/TonyGym.build/TonyGym-project-headers.hmap

WriteAuxiliaryFile /Users/pafego/Library/Developer/Xcode/DerivedData/TonyGym-ezkmaxmmsdrivicfrlzviyflzeca/Build/Intermediates.noindex/TonyGym.build/Debug-iphonesimulator/TonyGym.build/empty-TonyGym.plist (in target 'TonyGym' from project 'TonyGym')
    cd /Users/pafego/Desktop/swiftUI/TonyGym
    write-file /Users/pafego/Library/Developer/Xcode/DerivedData/TonyGym-ezkmaxmmsdrivicfrlzviyflzeca/Build/Intermediates.noindex/TonyGym.build/Debug-iphonesimulator/TonyGym.build/empty-TonyGym.plist

WriteAuxiliaryFile /Users/pafego/Library/Developer/Xcode/DerivedData/TonyGym-ezkmaxmmsdrivicfrlzviyflzeca/Build/Intermediates.noindex/TonyGym.build/Debug-iphonesimulator/TonyGym.build/TonyGym.DependencyStaticMetadataFileList (in target 'TonyGym' from project 'TonyGym')
    cd /Users/pafego/Desktop/swiftUI/TonyGym
    write-file /Users/pafego/Library/Developer/Xcode/DerivedData/TonyGym-ezkmaxmmsdrivicfrlzviyflzeca/Build/Intermediates.noindex/TonyGym.build/Debug-iphonesimulator/TonyGym.build/TonyGym.DependencyStaticMetadataFileList

WriteAuxiliaryFile /Users/pafego/Library/Developer/Xcode/DerivedData/TonyGym-ezkmaxmmsdrivicfrlzviyflzeca/Build/Intermediates.noindex/TonyGym.build/Debug-iphonesimulator/TonyGym.build/TonyGym.DependencyMetadataFileList (in target 'TonyGym' from project 'TonyGym')
    cd /Users/pafego/Desktop/swiftUI/TonyGym
    write-file /Users/pafego/Library/Developer/Xcode/DerivedData/TonyGym-ezkmaxmmsdrivicfrlzviyflzeca/Build/Intermediates.noindex/TonyGym.build/Debug-iphonesimulator/TonyGym.build/TonyGym.DependencyMetadataFileList

WriteAuxiliaryFile /Users/pafego/Library/Developer/Xcode/DerivedData/TonyGym-ezkmaxmmsdrivicfrlzviyflzeca/Build/Intermediates.noindex/TonyGym.build/Debug-iphonesimulator/TonyGym.build/TonyGym-DebugDylibInstallName-normal-arm64.txt (in target 'TonyGym' from project 'TonyGym')
    cd /Users/pafego/Desktop/swiftUI/TonyGym
    write-file /Users/pafego/Library/Developer/Xcode/DerivedData/TonyGym-ezkmaxmmsdrivicfrlzviyflzeca/Build/Intermediates.noindex/TonyGym.build/Debug-iphonesimulator/TonyGym.build/TonyGym-DebugDylibInstallName-normal-arm64.txt

WriteAuxiliaryFile /Users/pafego/Library/Developer/Xcode/DerivedData/TonyGym-ezkmaxmmsdrivicfrlzviyflzeca/Build/Intermediates.noindex/TonyGym.build/Debug-iphonesimulator/TonyGym.build/TonyGym.hmap (in target 'TonyGym' from project 'TonyGym')
    cd /Users/pafego/Desktop/swiftUI/TonyGym
    write-file /Users/pafego/Library/Developer/Xcode/DerivedData/TonyGym-ezkmaxmmsdrivicfrlzviyflzeca/Build/Intermediates.noindex/TonyGym.build/Debug-iphonesimulator/TonyGym.build/TonyGym.hmap

WriteAuxiliaryFile /Users/pafego/Library/Developer/Xcode/DerivedData/TonyGym-ezkmaxmmsdrivicfrlzviyflzeca/Build/Intermediates.noindex/TonyGym.build/Debug-iphonesimulator/TonyGym.build/TonyGym-generated-files.hmap (in target 'TonyGym' from project 'TonyGym')
    cd /Users/pafego/Desktop/swiftUI/TonyGym
    write-file /Users/pafego/Library/Developer/Xcode/DerivedData/TonyGym-ezkmaxmmsdrivicfrlzviyflzeca/Build/Intermediates.noindex/TonyGym.build/Debug-iphonesimulator/TonyGym.build/TonyGym-generated-files.hmap

WriteAuxiliaryFile /Users/pafego/Library/Developer/Xcode/DerivedData/TonyGym-ezkmaxmmsdrivicfrlzviyflzeca/Build/Intermediates.noindex/TonyGym.build/Debug-iphonesimulator/TonyGym.build/TonyGym-all-non-framework-target-headers.hmap (in target 'TonyGym' from project 'TonyGym')
    cd /Users/pafego/Desktop/swiftUI/TonyGym
    write-file /Users/pafego/Library/Developer/Xcode/DerivedData/TonyGym-ezkmaxmmsdrivicfrlzviyflzeca/Build/Intermediates.noindex/TonyGym.build/Debug-iphonesimulator/TonyGym.build/TonyGym-all-non-framework-target-headers.hmap

WriteAuxiliaryFile /Users/pafego/Library/Developer/Xcode/DerivedData/TonyGym-ezkmaxmmsdrivicfrlzviyflzeca/Build/Intermediates.noindex/TonyGym.build/Debug-iphonesimulator/TonyGym.build/TonyGym-DebugDylibPath-normal-arm64.txt (in target 'TonyGym' from project 'TonyGym')
    cd /Users/pafego/Desktop/swiftUI/TonyGym
    write-file /Users/pafego/Library/Developer/Xcode/DerivedData/TonyGym-ezkmaxmmsdrivicfrlzviyflzeca/Build/Intermediates.noindex/TonyGym.build/Debug-iphonesimulator/TonyGym.build/TonyGym-DebugDylibPath-normal-arm64.txt

WriteAuxiliaryFile /Users/pafego/Library/Developer/Xcode/DerivedData/TonyGym-ezkmaxmmsdrivicfrlzviyflzeca/Build/Intermediates.noindex/TonyGym.build/Debug-iphonesimulator/TonyGym.build/TonyGym-own-target-headers.hmap (in target 'TonyGym' from project 'TonyGym')
    cd /Users/pafego/Desktop/swiftUI/TonyGym
    write-file /Users/pafego/Library/Developer/Xcode/DerivedData/TonyGym-ezkmaxmmsdrivicfrlzviyflzeca/Build/Intermediates.noindex/TonyGym.build/Debug-iphonesimulator/TonyGym.build/TonyGym-own-target-headers.hmap

WriteAuxiliaryFile /Users/pafego/Library/Developer/Xcode/DerivedData/TonyGym-ezkmaxmmsdrivicfrlzviyflzeca/Build/Intermediates.noindex/TonyGym.build/Debug-iphonesimulator/TonyGym.build/TonyGym-all-target-headers.hmap (in target 'TonyGym' from project 'TonyGym')
    cd /Users/pafego/Desktop/swiftUI/TonyGym
    write-file /Users/pafego/Library/Developer/Xcode/DerivedData/TonyGym-ezkmaxmmsdrivicfrlzviyflzeca/Build/Intermediates.noindex/TonyGym.build/Debug-iphonesimulator/TonyGym.build/TonyGym-all-target-headers.hmap

WriteAuxiliaryFile /Users/pafego/Library/Developer/Xcode/DerivedData/TonyGym-ezkmaxmmsdrivicfrlzviyflzeca/Build/Intermediates.noindex/TonyGym.build/Debug-iphonesimulator/TonyGym.build/Objects-normal/arm64/TonyGym.SwiftFileList (in target 'TonyGym' from project 'TonyGym')
    cd /Users/pafego/Desktop/swiftUI/TonyGym
    write-file /Users/pafego/Library/Developer/Xcode/DerivedData/TonyGym-ezkmaxmmsdrivicfrlzviyflzeca/Build/Intermediates.noindex/TonyGym.build/Debug-iphonesimulator/TonyGym.build/Objects-normal/arm64/TonyGym.SwiftFileList

WriteAuxiliaryFile /Users/pafego/Library/Developer/Xcode/DerivedData/TonyGym-ezkmaxmmsdrivicfrlzviyflzeca/Build/Intermediates.noindex/TonyGym.build/Debug-iphonesimulator/TonyGym.build/Objects-normal/arm64/TonyGym_const_extract_protocols.json (in target 'TonyGym' from project 'TonyGym')
    cd /Users/pafego/Desktop/swiftUI/TonyGym
    write-file /Users/pafego/Library/Developer/Xcode/DerivedData/TonyGym-ezkmaxmmsdrivicfrlzviyflzeca/Build/Intermediates.noindex/TonyGym.build/Debug-iphonesimulator/TonyGym.build/Objects-normal/arm64/TonyGym_const_extract_protocols.json

WriteAuxiliaryFile /Users/pafego/Library/Developer/Xcode/DerivedData/TonyGym-ezkmaxmmsdrivicfrlzviyflzeca/Build/Intermediates.noindex/TonyGym.build/Debug-iphonesimulator/TonyGym.build/Objects-normal/arm64/TonyGym-OutputFileMap.json (in target 'TonyGym' from project 'TonyGym')
    cd /Users/pafego/Desktop/swiftUI/TonyGym
    write-file /Users/pafego/Library/Developer/Xcode/DerivedData/TonyGym-ezkmaxmmsdrivicfrlzviyflzeca/Build/Intermediates.noindex/TonyGym.build/Debug-iphonesimulator/TonyGym.build/Objects-normal/arm64/TonyGym-OutputFileMap.json

WriteAuxiliaryFile /Users/pafego/Library/Developer/Xcode/DerivedData/TonyGym-ezkmaxmmsdrivicfrlzviyflzeca/Build/Intermediates.noindex/TonyGym.build/Debug-iphonesimulator/TonyGym.build/Objects-normal/arm64/TonyGym.LinkFileList (in target 'TonyGym' from project 'TonyGym')
    cd /Users/pafego/Desktop/swiftUI/TonyGym
    write-file /Users/pafego/Library/Developer/Xcode/DerivedData/TonyGym-ezkmaxmmsdrivicfrlzviyflzeca/Build/Intermediates.noindex/TonyGym.build/Debug-iphonesimulator/TonyGym.build/Objects-normal/arm64/TonyGym.LinkFileList

WriteAuxiliaryFile /Users/pafego/Library/Developer/Xcode/DerivedData/TonyGym-ezkmaxmmsdrivicfrlzviyflzeca/Build/Intermediates.noindex/TonyGym.build/Debug-iphonesimulator/TonyGym.build/Objects-normal/arm64/TonyGym.SwiftConstValuesFileList (in target 'TonyGym' from project 'TonyGym')
    cd /Users/pafego/Desktop/swiftUI/TonyGym
    write-file /Users/pafego/Library/Developer/Xcode/DerivedData/TonyGym-ezkmaxmmsdrivicfrlzviyflzeca/Build/Intermediates.noindex/TonyGym.build/Debug-iphonesimulator/TonyGym.build/Objects-normal/arm64/TonyGym.SwiftConstValuesFileList

WriteAuxiliaryFile /Users/pafego/Library/Developer/Xcode/DerivedData/TonyGym-ezkmaxmmsdrivicfrlzviyflzeca/Build/Intermediates.noindex/TonyGym.build/Debug-iphonesimulator/TodayWorkoutWidgetExtension.build/TodayWorkoutWidgetExtension.DependencyStaticMetadataFileList (in target 'TodayWorkoutWidgetExtension' from project 'TonyGym')
    cd /Users/pafego/Desktop/swiftUI/TonyGym
    write-file /Users/pafego/Library/Developer/Xcode/DerivedData/TonyGym-ezkmaxmmsdrivicfrlzviyflzeca/Build/Intermediates.noindex/TonyGym.build/Debug-iphonesimulator/TodayWorkoutWidgetExtension.build/TodayWorkoutWidgetExtension.DependencyStaticMetadataFileList

WriteAuxiliaryFile /Users/pafego/Library/Developer/Xcode/DerivedData/TonyGym-ezkmaxmmsdrivicfrlzviyflzeca/Build/Intermediates.noindex/TonyGym.build/Debug-iphonesimulator/TodayWorkoutWidgetExtension.build/TodayWorkoutWidgetExtension.hmap (in target 'TodayWorkoutWidgetExtension' from project 'TonyGym')
    cd /Users/pafego/Desktop/swiftUI/TonyGym
    write-file /Users/pafego/Library/Developer/Xcode/DerivedData/TonyGym-ezkmaxmmsdrivicfrlzviyflzeca/Build/Intermediates.noindex/TonyGym.build/Debug-iphonesimulator/TodayWorkoutWidgetExtension.build/TodayWorkoutWidgetExtension.hmap

WriteAuxiliaryFile /Users/pafego/Library/Developer/Xcode/DerivedData/TonyGym-ezkmaxmmsdrivicfrlzviyflzeca/Build/Intermediates.noindex/TonyGym.build/Debug-iphonesimulator/TodayWorkoutWidgetExtension.build/TodayWorkoutWidgetExtension.DependencyMetadataFileList (in target 'TodayWorkoutWidgetExtension' from project 'TonyGym')
    cd /Users/pafego/Desktop/swiftUI/TonyGym
    write-file /Users/pafego/Library/Developer/Xcode/DerivedData/TonyGym-ezkmaxmmsdrivicfrlzviyflzeca/Build/Intermediates.noindex/TonyGym.build/Debug-iphonesimulator/TodayWorkoutWidgetExtension.build/TodayWorkoutWidgetExtension.DependencyMetadataFileList

WriteAuxiliaryFile /Users/pafego/Library/Developer/Xcode/DerivedData/TonyGym-ezkmaxmmsdrivicfrlzviyflzeca/Build/Intermediates.noindex/TonyGym.build/Debug-iphonesimulator/TonyGym.build/DerivedSources/Entitlements-Simulated.plist (in target 'TonyGym' from project 'TonyGym')
    cd /Users/pafego/Desktop/swiftUI/TonyGym
    write-file /Users/pafego/Library/Developer/Xcode/DerivedData/TonyGym-ezkmaxmmsdrivicfrlzviyflzeca/Build/Intermediates.noindex/TonyGym.build/Debug-iphonesimulator/TonyGym.build/DerivedSources/Entitlements-Simulated.plist

WriteAuxiliaryFile /Users/pafego/Library/Developer/Xcode/DerivedData/TonyGym-ezkmaxmmsdrivicfrlzviyflzeca/Build/Intermediates.noindex/TonyGym.build/Debug-iphonesimulator/TodayWorkoutWidgetExtension.build/TodayWorkoutWidgetExtension-project-headers.hmap (in target 'TodayWorkoutWidgetExtension' from project 'TonyGym')
    cd /Users/pafego/Desktop/swiftUI/TonyGym
    write-file /Users/pafego/Library/Developer/Xcode/DerivedData/TonyGym-ezkmaxmmsdrivicfrlzviyflzeca/Build/Intermediates.noindex/TonyGym.build/Debug-iphonesimulator/TodayWorkoutWidgetExtension.build/TodayWorkoutWidgetExtension-project-headers.hmap

WriteAuxiliaryFile /Users/pafego/Library/Developer/Xcode/DerivedData/TonyGym-ezkmaxmmsdrivicfrlzviyflzeca/Build/Intermediates.noindex/TonyGym.build/Debug-iphonesimulator/TodayWorkoutWidgetExtension.build/TodayWorkoutWidgetExtension-own-target-headers.hmap (in target 'TodayWorkoutWidgetExtension' from project 'TonyGym')
    cd /Users/pafego/Desktop/swiftUI/TonyGym
    write-file /Users/pafego/Library/Developer/Xcode/DerivedData/TonyGym-ezkmaxmmsdrivicfrlzviyflzeca/Build/Intermediates.noindex/TonyGym.build/Debug-iphonesimulator/TodayWorkoutWidgetExtension.build/TodayWorkoutWidgetExtension-own-target-headers.hmap

WriteAuxiliaryFile /Users/pafego/Library/Developer/Xcode/DerivedData/TonyGym-ezkmaxmmsdrivicfrlzviyflzeca/Build/Intermediates.noindex/TonyGym.build/Debug-iphonesimulator/TodayWorkoutWidgetExtension.build/TodayWorkoutWidgetExtension-generated-files.hmap (in target 'TodayWorkoutWidgetExtension' from project 'TonyGym')
    cd /Users/pafego/Desktop/swiftUI/TonyGym
    write-file /Users/pafego/Library/Developer/Xcode/DerivedData/TonyGym-ezkmaxmmsdrivicfrlzviyflzeca/Build/Intermediates.noindex/TonyGym.build/Debug-iphonesimulator/TodayWorkoutWidgetExtension.build/TodayWorkoutWidgetExtension-generated-files.hmap

WriteAuxiliaryFile /Users/pafego/Library/Developer/Xcode/DerivedData/TonyGym-ezkmaxmmsdrivicfrlzviyflzeca/Build/Intermediates.noindex/TonyGym.build/Debug-iphonesimulator/TodayWorkoutWidgetExtension.build/TodayWorkoutWidgetExtension-all-non-framework-target-headers.hmap (in target 'TodayWorkoutWidgetExtension' from project 'TonyGym')
    cd /Users/pafego/Desktop/swiftUI/TonyGym
    write-file /Users/pafego/Library/Developer/Xcode/DerivedData/TonyGym-ezkmaxmmsdrivicfrlzviyflzeca/Build/Intermediates.noindex/TonyGym.build/Debug-iphonesimulator/TodayWorkoutWidgetExtension.build/TodayWorkoutWidgetExtension-all-non-framework-target-headers.hmap

WriteAuxiliaryFile /Users/pafego/Library/Developer/Xcode/DerivedData/TonyGym-ezkmaxmmsdrivicfrlzviyflzeca/Build/Intermediates.noindex/TonyGym.build/Debug-iphonesimulator/TodayWorkoutWidgetExtension.build/TodayWorkoutWidgetExtension-DebugDylibPath-normal-arm64.txt (in target 'TodayWorkoutWidgetExtension' from project 'TonyGym')
    cd /Users/pafego/Desktop/swiftUI/TonyGym
    write-file /Users/pafego/Library/Developer/Xcode/DerivedData/TonyGym-ezkmaxmmsdrivicfrlzviyflzeca/Build/Intermediates.noindex/TonyGym.build/Debug-iphonesimulator/TodayWorkoutWidgetExtension.build/TodayWorkoutWidgetExtension-DebugDylibPath-normal-arm64.txt

WriteAuxiliaryFile /Users/pafego/Library/Developer/Xcode/DerivedData/TonyGym-ezkmaxmmsdrivicfrlzviyflzeca/Build/Intermediates.noindex/TonyGym.build/Debug-iphonesimulator/TodayWorkoutWidgetExtension.build/TodayWorkoutWidgetExtension-all-target-headers.hmap (in target 'TodayWorkoutWidgetExtension' from project 'TonyGym')
    cd /Users/pafego/Desktop/swiftUI/TonyGym
    write-file /Users/pafego/Library/Developer/Xcode/DerivedData/TonyGym-ezkmaxmmsdrivicfrlzviyflzeca/Build/Intermediates.noindex/TonyGym.build/Debug-iphonesimulator/TodayWorkoutWidgetExtension.build/TodayWorkoutWidgetExtension-all-target-headers.hmap

WriteAuxiliaryFile /Users/pafego/Library/Developer/Xcode/DerivedData/TonyGym-ezkmaxmmsdrivicfrlzviyflzeca/Build/Intermediates.noindex/TonyGym.build/Debug-iphonesimulator/TodayWorkoutWidgetExtension.build/TodayWorkoutWidgetExtension-DebugEntryPoint-normal-arm64.txt (in target 'TodayWorkoutWidgetExtension' from project 'TonyGym')
    cd /Users/pafego/Desktop/swiftUI/TonyGym
    write-file /Users/pafego/Library/Developer/Xcode/DerivedData/TonyGym-ezkmaxmmsdrivicfrlzviyflzeca/Build/Intermediates.noindex/TonyGym.build/Debug-iphonesimulator/TodayWorkoutWidgetExtension.build/TodayWorkoutWidgetExtension-DebugEntryPoint-normal-arm64.txt

WriteAuxiliaryFile /Users/pafego/Library/Developer/Xcode/DerivedData/TonyGym-ezkmaxmmsdrivicfrlzviyflzeca/Build/Intermediates.noindex/TonyGym.build/Debug-iphonesimulator/TodayWorkoutWidgetExtension.build/TodayWorkoutWidgetExtension-DebugDylibInstallName-normal-arm64.txt (in target 'TodayWorkoutWidgetExtension' from project 'TonyGym')
    cd /Users/pafego/Desktop/swiftUI/TonyGym
    write-file /Users/pafego/Library/Developer/Xcode/DerivedData/TonyGym-ezkmaxmmsdrivicfrlzviyflzeca/Build/Intermediates.noindex/TonyGym.build/Debug-iphonesimulator/TodayWorkoutWidgetExtension.build/TodayWorkoutWidgetExtension-DebugDylibInstallName-normal-arm64.txt

WriteAuxiliaryFile /Users/pafego/Library/Developer/Xcode/DerivedData/TonyGym-ezkmaxmmsdrivicfrlzviyflzeca/Build/Intermediates.noindex/TonyGym.build/Debug-iphonesimulator/TodayWorkoutWidgetExtension.build/Objects-normal/arm64/TodayWorkoutWidgetExtension.SwiftConstValuesFileList (in target 'TodayWorkoutWidgetExtension' from project 'TonyGym')
    cd /Users/pafego/Desktop/swiftUI/TonyGym
    write-file /Users/pafego/Library/Developer/Xcode/DerivedData/TonyGym-ezkmaxmmsdrivicfrlzviyflzeca/Build/Intermediates.noindex/TonyGym.build/Debug-iphonesimulator/TodayWorkoutWidgetExtension.build/Objects-normal/arm64/TodayWorkoutWidgetExtension.SwiftConstValuesFileList

WriteAuxiliaryFile /Users/pafego/Library/Developer/Xcode/DerivedData/TonyGym-ezkmaxmmsdrivicfrlzviyflzeca/Build/Intermediates.noindex/TonyGym.build/Debug-iphonesimulator/TodayWorkoutWidgetExtension.build/Objects-normal/arm64/TodayWorkoutWidgetExtension_const_extract_protocols.json (in target 'TodayWorkoutWidgetExtension' from project 'TonyGym')
    cd /Users/pafego/Desktop/swiftUI/TonyGym
    write-file /Users/pafego/Library/Developer/Xcode/DerivedData/TonyGym-ezkmaxmmsdrivicfrlzviyflzeca/Build/Intermediates.noindex/TonyGym.build/Debug-iphonesimulator/TodayWorkoutWidgetExtension.build/Objects-normal/arm64/TodayWorkoutWidgetExtension_const_extract_protocols.json

WriteAuxiliaryFile /Users/pafego/Library/Developer/Xcode/DerivedData/TonyGym-ezkmaxmmsdrivicfrlzviyflzeca/Build/Intermediates.noindex/TonyGym.build/Debug-iphonesimulator/TodayWorkoutWidgetExtension.build/Objects-normal/arm64/TodayWorkoutWidgetExtension.SwiftFileList (in target 'TodayWorkoutWidgetExtension' from project 'TonyGym')
    cd /Users/pafego/Desktop/swiftUI/TonyGym
    write-file /Users/pafego/Library/Developer/Xcode/DerivedData/TonyGym-ezkmaxmmsdrivicfrlzviyflzeca/Build/Intermediates.noindex/TonyGym.build/Debug-iphonesimulator/TodayWorkoutWidgetExtension.build/Objects-normal/arm64/TodayWorkoutWidgetExtension.SwiftFileList

WriteAuxiliaryFile /Users/pafego/Library/Developer/Xcode/DerivedData/TonyGym-ezkmaxmmsdrivicfrlzviyflzeca/Build/Intermediates.noindex/TonyGym.build/Debug-iphonesimulator/TodayWorkoutWidgetExtension.build/Objects-normal/arm64/TodayWorkoutWidgetExtension.LinkFileList (in target 'TodayWorkoutWidgetExtension' from project 'TonyGym')
    cd /Users/pafego/Desktop/swiftUI/TonyGym
    write-file /Users/pafego/Library/Developer/Xcode/DerivedData/TonyGym-ezkmaxmmsdrivicfrlzviyflzeca/Build/Intermediates.noindex/TonyGym.build/Debug-iphonesimulator/TodayWorkoutWidgetExtension.build/Objects-normal/arm64/TodayWorkoutWidgetExtension.LinkFileList

WriteAuxiliaryFile /Users/pafego/Library/Developer/Xcode/DerivedData/TonyGym-ezkmaxmmsdrivicfrlzviyflzeca/Build/Intermediates.noindex/TonyGym.build/Debug-iphonesimulator/TodayWorkoutWidgetExtension.build/Objects-normal/arm64/TodayWorkoutWidgetExtension-OutputFileMap.json (in target 'TodayWorkoutWidgetExtension' from project 'TonyGym')
    cd /Users/pafego/Desktop/swiftUI/TonyGym
    write-file /Users/pafego/Library/Developer/Xcode/DerivedData/TonyGym-ezkmaxmmsdrivicfrlzviyflzeca/Build/Intermediates.noindex/TonyGym.build/Debug-iphonesimulator/TodayWorkoutWidgetExtension.build/Objects-normal/arm64/TodayWorkoutWidgetExtension-OutputFileMap.json

WriteAuxiliaryFile /Users/pafego/Library/Developer/Xcode/DerivedData/TonyGym-ezkmaxmmsdrivicfrlzviyflzeca/Build/Intermediates.noindex/TonyGym.build/Debug-iphonesimulator/TodayWorkoutWidgetExtension.build/DerivedSources/Entitlements-Simulated.plist (in target 'TodayWorkoutWidgetExtension' from project 'TonyGym')
    cd /Users/pafego/Desktop/swiftUI/TonyGym
    write-file /Users/pafego/Library/Developer/Xcode/DerivedData/TonyGym-ezkmaxmmsdrivicfrlzviyflzeca/Build/Intermediates.noindex/TonyGym.build/Debug-iphonesimulator/TodayWorkoutWidgetExtension.build/DerivedSources/Entitlements-Simulated.plist

MkDir /Users/pafego/Library/Developer/Xcode/DerivedData/TonyGym-ezkmaxmmsdrivicfrlzviyflzeca/Build/Products/Debug-iphonesimulator/TonyGym.app (in target 'TonyGym' from project 'TonyGym')
    cd /Users/pafego/Desktop/swiftUI/TonyGym
    /bin/mkdir -p /Users/pafego/Library/Developer/Xcode/DerivedData/TonyGym-ezkmaxmmsdrivicfrlzviyflzeca/Build/Products/Debug-iphonesimulator/TonyGym.app

MkDir /Users/pafego/Library/Developer/Xcode/DerivedData/TonyGym-ezkmaxmmsdrivicfrlzviyflzeca/Build/Products/Debug-iphonesimulator/TodayWorkoutWidgetExtension.appex (in target 'TodayWorkoutWidgetExtension' from project 'TonyGym')
    cd /Users/pafego/Desktop/swiftUI/TonyGym
    /bin/mkdir -p /Users/pafego/Library/Developer/Xcode/DerivedData/TonyGym-ezkmaxmmsdrivicfrlzviyflzeca/Build/Products/Debug-iphonesimulator/TodayWorkoutWidgetExtension.appex

MkDir /Users/pafego/Library/Developer/Xcode/DerivedData/TonyGym-ezkmaxmmsdrivicfrlzviyflzeca/Build/Products/Debug-iphonesimulator/TonyGym.app/PlugIns (in target 'TonyGym' from project 'TonyGym')
    cd /Users/pafego/Desktop/swiftUI/TonyGym
    /bin/mkdir -p /Users/pafego/Library/Developer/Xcode/DerivedData/TonyGym-ezkmaxmmsdrivicfrlzviyflzeca/Build/Products/Debug-iphonesimulator/TonyGym.app/PlugIns

ProcessProductPackaging /Users/pafego/Desktop/swiftUI/TonyGym/TodayWorkoutWidgetExtension.entitlements /Users/pafego/Library/Developer/Xcode/DerivedData/TonyGym-ezkmaxmmsdrivicfrlzviyflzeca/Build/Intermediates.noindex/TonyGym.build/Debug-iphonesimulator/TodayWorkoutWidgetExtension.build/TodayWorkoutWidgetExtension.appex.xcent (in target 'TodayWorkoutWidgetExtension' from project 'TonyGym')
    cd /Users/pafego/Desktop/swiftUI/TonyGym
    
    Entitlements:
    
    {
}
    
    builtin-productPackagingUtility /Users/pafego/Desktop/swiftUI/TonyGym/TodayWorkoutWidgetExtension.entitlements -entitlements -format xml -o /Users/pafego/Library/Developer/Xcode/DerivedData/TonyGym-ezkmaxmmsdrivicfrlzviyflzeca/Build/Intermediates.noindex/TonyGym.build/Debug-iphonesimulator/TodayWorkoutWidgetExtension.build/TodayWorkoutWidgetExtension.appex.xcent

ProcessProductPackaging /Users/pafego/Desktop/swiftUI/TonyGym/TodayWorkoutWidgetExtension.entitlements /Users/pafego/Library/Developer/Xcode/DerivedData/TonyGym-ezkmaxmmsdrivicfrlzviyflzeca/Build/Intermediates.noindex/TonyGym.build/Debug-iphonesimulator/TodayWorkoutWidgetExtension.build/TodayWorkoutWidgetExtension.appex-Simulated.xcent (in target 'TodayWorkoutWidgetExtension' from project 'TonyGym')
    cd /Users/pafego/Desktop/swiftUI/TonyGym
    
    Entitlements:
    
    {
    "application-identifier" = "F523477C7K.com.pafego.TonyGym.TodayWorkoutWidget";
    "com.apple.security.application-groups" =     (
        "group.com.pafego.TonyGym"
    );
}
    
    builtin-productPackagingUtility /Users/pafego/Desktop/swiftUI/TonyGym/TodayWorkoutWidgetExtension.entitlements -entitlements -format xml -o /Users/pafego/Library/Developer/Xcode/DerivedData/TonyGym-ezkmaxmmsdrivicfrlzviyflzeca/Build/Intermediates.noindex/TonyGym.build/Debug-iphonesimulator/TodayWorkoutWidgetExtension.build/TodayWorkoutWidgetExtension.appex-Simulated.xcent

ProcessProductPackagingDER /Users/pafego/Library/Developer/Xcode/DerivedData/TonyGym-ezkmaxmmsdrivicfrlzviyflzeca/Build/Intermediates.noindex/TonyGym.build/Debug-iphonesimulator/TodayWorkoutWidgetExtension.build/TodayWorkoutWidgetExtension.appex.xcent /Users/pafego/Library/Developer/Xcode/DerivedData/TonyGym-ezkmaxmmsdrivicfrlzviyflzeca/Build/Intermediates.noindex/TonyGym.build/Debug-iphonesimulator/TodayWorkoutWidgetExtension.build/TodayWorkoutWidgetExtension.appex.xcent.der (in target 'TodayWorkoutWidgetExtension' from project 'TonyGym')
    cd /Users/pafego/Desktop/swiftUI/TonyGym
    /usr/bin/derq query -f xml -i /Users/pafego/Library/Developer/Xcode/DerivedData/TonyGym-ezkmaxmmsdrivicfrlzviyflzeca/Build/Intermediates.noindex/TonyGym.build/Debug-iphonesimulator/TodayWorkoutWidgetExtension.build/TodayWorkoutWidgetExtension.appex.xcent -o /Users/pafego/Library/Developer/Xcode/DerivedData/TonyGym-ezkmaxmmsdrivicfrlzviyflzeca/Build/Intermediates.noindex/TonyGym.build/Debug-iphonesimulator/TodayWorkoutWidgetExtension.build/TodayWorkoutWidgetExtension.appex.xcent.der --raw

ProcessProductPackagingDER /Users/pafego/Library/Developer/Xcode/DerivedData/TonyGym-ezkmaxmmsdrivicfrlzviyflzeca/Build/Intermediates.noindex/TonyGym.build/Debug-iphonesimulator/TodayWorkoutWidgetExtension.build/TodayWorkoutWidgetExtension.appex-Simulated.xcent /Users/pafego/Library/Developer/Xcode/DerivedData/TonyGym-ezkmaxmmsdrivicfrlzviyflzeca/Build/Intermediates.noindex/TonyGym.build/Debug-iphonesimulator/TodayWorkoutWidgetExtension.build/TodayWorkoutWidgetExtension.appex-Simulated.xcent.der (in target 'TodayWorkoutWidgetExtension' from project 'TonyGym')
    cd /Users/pafego/Desktop/swiftUI/TonyGym
    /usr/bin/derq query -f xml -i /Users/pafego/Library/Developer/Xcode/DerivedData/TonyGym-ezkmaxmmsdrivicfrlzviyflzeca/Build/Intermediates.noindex/TonyGym.build/Debug-iphonesimulator/TodayWorkoutWidgetExtension.build/TodayWorkoutWidgetExtension.appex-Simulated.xcent -o /Users/pafego/Library/Developer/Xcode/DerivedData/TonyGym-ezkmaxmmsdrivicfrlzviyflzeca/Build/Intermediates.noindex/TonyGym.build/Debug-iphonesimulator/TodayWorkoutWidgetExtension.build/TodayWorkoutWidgetExtension.appex-Simulated.xcent.der --raw

Ld /Users/pafego/Library/Developer/Xcode/DerivedData/TonyGym-ezkmaxmmsdrivicfrlzviyflzeca/Build/Products/Debug-iphonesimulator/TodayWorkoutWidgetExtension.appex/__preview.dylib normal (in target 'TodayWorkoutWidgetExtension' from project 'TonyGym')
    cd /Users/pafego/Desktop/swiftUI/TonyGym
    /Applications/Xcode.app/Contents/Developer/Toolchains/XcodeDefault.xctoolchain/usr/bin/clang -Xlinker -reproducible -target arm64-apple-ios26.0-simulator -dynamiclib -isysroot /Applications/Xcode.app/Contents/Developer/Platforms/iPhoneSimulator.platform/Developer/SDKs/iPhoneSimulator26.0.sdk -O0 -L/Users/pafego/Library/Developer/Xcode/DerivedData/TonyGym-ezkmaxmmsdrivicfrlzviyflzeca/Build/Products/Debug-iphonesimulator -F/Users/pafego/Library/Developer/Xcode/DerivedData/TonyGym-ezkmaxmmsdrivicfrlzviyflzeca/Build/Products/Debug-iphonesimulator -install_name @rpath/TodayWorkoutWidgetExtension.debug.dylib -dead_strip -rdynamic -Xlinker -no_deduplicate -Xlinker -objc_abi_version -Xlinker 2 -Xlinker -dependency_info -Xlinker /Users/pafego/Library/Developer/Xcode/DerivedData/TonyGym-ezkmaxmmsdrivicfrlzviyflzeca/Build/Intermediates.noindex/TonyGym.build/Debug-iphonesimulator/TodayWorkoutWidgetExtension.build/Objects-normal/arm64/TodayWorkoutWidgetExtension_dependency_info.dat -Xlinker -sectcreate -Xlinker __TEXT -Xlinker __entitlements -Xlinker /Users/pafego/Library/Developer/Xcode/DerivedData/TonyGym-ezkmaxmmsdrivicfrlzviyflzeca/Build/Intermediates.noindex/TonyGym.build/Debug-iphonesimulator/TodayWorkoutWidgetExtension.build/TodayWorkoutWidgetExtension.appex-Simulated.xcent -Xlinker -sectcreate -Xlinker __TEXT -Xlinker __ents_der -Xlinker /Users/pafego/Library/Developer/Xcode/DerivedData/TonyGym-ezkmaxmmsdrivicfrlzviyflzeca/Build/Intermediates.noindex/TonyGym.build/Debug-iphonesimulator/TodayWorkoutWidgetExtension.build/TodayWorkoutWidgetExtension.appex-Simulated.xcent.der -Xlinker -no_adhoc_codesign -o /Users/pafego/Library/Developer/Xcode/DerivedData/TonyGym-ezkmaxmmsdrivicfrlzviyflzeca/Build/Products/Debug-iphonesimulator/TodayWorkoutWidgetExtension.appex/__preview.dylib

GenerateAssetSymbols /Users/pafego/Desktop/swiftUI/TonyGym/TodayWorkoutWidget/Assets.xcassets /Users/pafego/Desktop/swiftUI/TonyGym/TonyGym/AppIcon.icon (in target 'TodayWorkoutWidgetExtension' from project 'TonyGym')
    cd /Users/pafego/Desktop/swiftUI/TonyGym
    /Applications/Xcode.app/Contents/Developer/usr/bin/actool /Users/pafego/Desktop/swiftUI/TonyGym/TodayWorkoutWidget/Assets.xcassets /Users/pafego/Desktop/swiftUI/TonyGym/TonyGym/AppIcon.icon --compile /Users/pafego/Library/Developer/Xcode/DerivedData/TonyGym-ezkmaxmmsdrivicfrlzviyflzeca/Build/Products/Debug-iphonesimulator/TodayWorkoutWidgetExtension.appex --output-format human-readable-text --notices --warnings --export-dependency-info /Users/pafego/Library/Developer/Xcode/DerivedData/TonyGym-ezkmaxmmsdrivicfrlzviyflzeca/Build/Intermediates.noindex/TonyGym.build/Debug-iphonesimulator/TodayWorkoutWidgetExtension.build/assetcatalog_dependencies --output-partial-info-plist /Users/pafego/Library/Developer/Xcode/DerivedData/TonyGym-ezkmaxmmsdrivicfrlzviyflzeca/Build/Intermediates.noindex/TonyGym.build/Debug-iphonesimulator/TodayWorkoutWidgetExtension.build/assetcatalog_generated_info.plist --accent-color AccentColor --widget-background-color WidgetBackground --compress-pngs --enable-on-demand-resources NO --standalone-icon-behavior all --development-region en --target-device iphone --target-device ipad --minimum-deployment-target 26.0 --platform iphonesimulator --bundle-identifier com.pafego.TonyGym.TodayWorkoutWidget --generate-swift-asset-symbols /Users/pafego/Library/Developer/Xcode/DerivedData/TonyGym-ezkmaxmmsdrivicfrlzviyflzeca/Build/Intermediates.noindex/TonyGym.build/Debug-iphonesimulator/TodayWorkoutWidgetExtension.build/DerivedSources/GeneratedAssetSymbols.swift --generate-objc-asset-symbols /Users/pafego/Library/Developer/Xcode/DerivedData/TonyGym-ezkmaxmmsdrivicfrlzviyflzeca/Build/Intermediates.noindex/TonyGym.build/Debug-iphonesimulator/TodayWorkoutWidgetExtension.build/DerivedSources/GeneratedAssetSymbols.h --generate-asset-symbol-index /Users/pafego/Library/Developer/Xcode/DerivedData/TonyGym-ezkmaxmmsdrivicfrlzviyflzeca/Build/Intermediates.noindex/TonyGym.build/Debug-iphonesimulator/TodayWorkoutWidgetExtension.build/DerivedSources/GeneratedAssetSymbols-Index.plist
/* com.apple.actool.compilation-results */
/Users/pafego/Library/Developer/Xcode/DerivedData/TonyGym-ezkmaxmmsdrivicfrlzviyflzeca/Build/Intermediates.noindex/TonyGym.build/Debug-iphonesimulator/TodayWorkoutWidgetExtension.build/DerivedSources/GeneratedAssetSymbols-Index.plist
/Users/pafego/Library/Developer/Xcode/DerivedData/TonyGym-ezkmaxmmsdrivicfrlzviyflzeca/Build/Intermediates.noindex/TonyGym.build/Debug-iphonesimulator/TodayWorkoutWidgetExtension.build/DerivedSources/GeneratedAssetSymbols.h
/Users/pafego/Library/Developer/Xcode/DerivedData/TonyGym-ezkmaxmmsdrivicfrlzviyflzeca/Build/Intermediates.noindex/TonyGym.build/Debug-iphonesimulator/TodayWorkoutWidgetExtension.build/DerivedSources/GeneratedAssetSymbols.swift


MkDir /Users/pafego/Library/Developer/Xcode/DerivedData/TonyGym-ezkmaxmmsdrivicfrlzviyflzeca/Build/Intermediates.noindex/TonyGym.build/Debug-iphonesimulator/TodayWorkoutWidgetExtension.build/assetcatalog_output/thinned (in target 'TodayWorkoutWidgetExtension' from project 'TonyGym')
    cd /Users/pafego/Desktop/swiftUI/TonyGym
    /bin/mkdir -p /Users/pafego/Library/Developer/Xcode/DerivedData/TonyGym-ezkmaxmmsdrivicfrlzviyflzeca/Build/Intermediates.noindex/TonyGym.build/Debug-iphonesimulator/TodayWorkoutWidgetExtension.build/assetcatalog_output/thinned

MkDir /Users/pafego/Library/Developer/Xcode/DerivedData/TonyGym-ezkmaxmmsdrivicfrlzviyflzeca/Build/Intermediates.noindex/TonyGym.build/Debug-iphonesimulator/TodayWorkoutWidgetExtension.build/assetcatalog_output/unthinned (in target 'TodayWorkoutWidgetExtension' from project 'TonyGym')
    cd /Users/pafego/Desktop/swiftUI/TonyGym
    /bin/mkdir -p /Users/pafego/Library/Developer/Xcode/DerivedData/TonyGym-ezkmaxmmsdrivicfrlzviyflzeca/Build/Intermediates.noindex/TonyGym.build/Debug-iphonesimulator/TodayWorkoutWidgetExtension.build/assetcatalog_output/unthinned

CompileAssetCatalogVariant thinned /Users/pafego/Library/Developer/Xcode/DerivedData/TonyGym-ezkmaxmmsdrivicfrlzviyflzeca/Build/Products/Debug-iphonesimulator/TodayWorkoutWidgetExtension.appex /Users/pafego/Desktop/swiftUI/TonyGym/TodayWorkoutWidget/Assets.xcassets /Users/pafego/Desktop/swiftUI/TonyGym/TonyGym/AppIcon.icon (in target 'TodayWorkoutWidgetExtension' from project 'TonyGym')
    cd /Users/pafego/Desktop/swiftUI/TonyGym
    /Applications/Xcode.app/Contents/Developer/usr/bin/actool /Users/pafego/Desktop/swiftUI/TonyGym/TodayWorkoutWidget/Assets.xcassets /Users/pafego/Desktop/swiftUI/TonyGym/TonyGym/AppIcon.icon --compile /Users/pafego/Library/Developer/Xcode/DerivedData/TonyGym-ezkmaxmmsdrivicfrlzviyflzeca/Build/Intermediates.noindex/TonyGym.build/Debug-iphonesimulator/TodayWorkoutWidgetExtension.build/assetcatalog_output/thinned --output-format human-readable-text --notices --warnings --export-dependency-info /Users/pafego/Library/Developer/Xcode/DerivedData/TonyGym-ezkmaxmmsdrivicfrlzviyflzeca/Build/Intermediates.noindex/TonyGym.build/Debug-iphonesimulator/TodayWorkoutWidgetExtension.build/assetcatalog_dependencies_thinned --output-partial-info-plist /Users/pafego/Library/Developer/Xcode/DerivedData/TonyGym-ezkmaxmmsdrivicfrlzviyflzeca/Build/Intermediates.noindex/TonyGym.build/Debug-iphonesimulator/TodayWorkoutWidgetExtension.build/assetcatalog_generated_info.plist_thinned --accent-color AccentColor --widget-background-color WidgetBackground --compress-pngs --enable-on-demand-resources NO --standalone-icon-behavior all --filter-for-thinning-device-configuration iPhone18,1 --filter-for-device-os-version 26.0 --development-region en --target-device iphone --target-device ipad --minimum-deployment-target 26.0 --platform iphonesimulator

SwiftDriver TodayWorkoutWidgetExtension normal arm64 com.apple.xcode.tools.swift.compiler (in target 'TodayWorkoutWidgetExtension' from project 'TonyGym')
    cd /Users/pafego/Desktop/swiftUI/TonyGym
    builtin-SwiftDriver -- /Applications/Xcode.app/Contents/Developer/Toolchains/XcodeDefault.xctoolchain/usr/bin/swiftc -module-name TodayWorkoutWidgetExtension -Onone -enforce-exclusivity\=checked @/Users/pafego/Library/Developer/Xcode/DerivedData/TonyGym-ezkmaxmmsdrivicfrlzviyflzeca/Build/Intermediates.noindex/TonyGym.build/Debug-iphonesimulator/TodayWorkoutWidgetExtension.build/Objects-normal/arm64/TodayWorkoutWidgetExtension.SwiftFileList -DDEBUG -enable-bare-slash-regex -enable-upcoming-feature DisableOutwardActorInference -enable-upcoming-feature InferSendableFromCaptures -enable-upcoming-feature GlobalActorIsolatedTypesUsability -enable-upcoming-feature MemberImportVisibility -enable-upcoming-feature InferIsolatedConformances -enable-upcoming-feature NonisolatedNonsendingByDefault -enable-experimental-feature DebugDescriptionMacro -sdk /Applications/Xcode.app/Contents/Developer/Platforms/iPhoneSimulator.platform/Developer/SDKs/iPhoneSimulator26.0.sdk -target arm64-apple-ios26.0-simulator -g -module-cache-path /Users/pafego/Library/Developer/Xcode/DerivedData/ModuleCache.noindex -Xfrontend -serialize-debugging-options -application-extension -enable-testing -index-store-path /Users/pafego/Library/Developer/Xcode/DerivedData/TonyGym-ezkmaxmmsdrivicfrlzviyflzeca/Index.noindex/DataStore -Xcc -D_LIBCPP_HARDENING_MODE\=_LIBCPP_HARDENING_MODE_DEBUG -swift-version 5 -I /Users/pafego/Library/Developer/Xcode/DerivedData/TonyGym-ezkmaxmmsdrivicfrlzviyflzeca/Build/Products/Debug-iphonesimulator -F /Users/pafego/Library/Developer/Xcode/DerivedData/TonyGym-ezkmaxmmsdrivicfrlzviyflzeca/Build/Products/Debug-iphonesimulator -emit-localized-strings -emit-localized-strings-path /Users/pafego/Library/Developer/Xcode/DerivedData/TonyGym-ezkmaxmmsdrivicfrlzviyflzeca/Build/Intermediates.noindex/TonyGym.build/Debug-iphonesimulator/TodayWorkoutWidgetExtension.build/Objects-normal/arm64 -c -j12 -enable-batch-mode -incremental -Xcc -ivfsstatcache -Xcc /Users/pafego/Library/Developer/Xcode/DerivedData/SDKStatCaches.noindex/iphonesimulator26.0-23A339-26257891a6c027eb51374368541b8346.sdkstatcache -output-file-map /Users/pafego/Library/Developer/Xcode/DerivedData/TonyGym-ezkmaxmmsdrivicfrlzviyflzeca/Build/Intermediates.noindex/TonyGym.build/Debug-iphonesimulator/TodayWorkoutWidgetExtension.build/Objects-normal/arm64/TodayWorkoutWidgetExtension-OutputFileMap.json -use-frontend-parseable-output -save-temps -no-color-diagnostics -explicit-module-build -module-cache-path /Users/pafego/Library/Developer/Xcode/DerivedData/TonyGym-ezkmaxmmsdrivicfrlzviyflzeca/Build/Intermediates.noindex/SwiftExplicitPrecompiledModules -clang-scanner-module-cache-path /Users/pafego/Library/Developer/Xcode/DerivedData/ModuleCache.noindex -sdk-module-cache-path /Users/pafego/Library/Developer/Xcode/DerivedData/ModuleCache.noindex -serialize-diagnostics -emit-dependencies -emit-module -emit-module-path /Users/pafego/Library/Developer/Xcode/DerivedData/TonyGym-ezkmaxmmsdrivicfrlzviyflzeca/Build/Intermediates.noindex/TonyGym.build/Debug-iphonesimulator/TodayWorkoutWidgetExtension.build/Objects-normal/arm64/TodayWorkoutWidgetExtension.swiftmodule -validate-clang-modules-once -clang-build-session-file /Users/pafego/Library/Developer/Xcode/DerivedData/ModuleCache.noindex/Session.modulevalidation -Xcc -I/Users/pafego/Library/Developer/Xcode/DerivedData/TonyGym-ezkmaxmmsdrivicfrlzviyflzeca/Build/Intermediates.noindex/TonyGym.build/Debug-iphonesimulator/TodayWorkoutWidgetExtension.build/swift-overrides.hmap -emit-const-values -Xfrontend -const-gather-protocols-file -Xfrontend /Users/pafego/Library/Developer/Xcode/DerivedData/TonyGym-ezkmaxmmsdrivicfrlzviyflzeca/Build/Intermediates.noindex/TonyGym.build/Debug-iphonesimulator/TodayWorkoutWidgetExtension.build/Objects-normal/arm64/TodayWorkoutWidgetExtension_const_extract_protocols.json -Xcc -iquote -Xcc /Users/pafego/Library/Developer/Xcode/DerivedData/TonyGym-ezkmaxmmsdrivicfrlzviyflzeca/Build/Intermediates.noindex/TonyGym.build/Debug-iphonesimulator/TodayWorkoutWidgetExtension.build/TodayWorkoutWidgetExtension-generated-files.hmap -Xcc -I/Users/pafego/Library/Developer/Xcode/DerivedData/TonyGym-ezkmaxmmsdrivicfrlzviyflzeca/Build/Intermediates.noindex/TonyGym.build/Debug-iphonesimulator/TodayWorkoutWidgetExtension.build/TodayWorkoutWidgetExtension-own-target-headers.hmap -Xcc -I/Users/pafego/Library/Developer/Xcode/DerivedData/TonyGym-ezkmaxmmsdrivicfrlzviyflzeca/Build/Intermediates.noindex/TonyGym.build/Debug-iphonesimulator/TodayWorkoutWidgetExtension.build/TodayWorkoutWidgetExtension-all-target-headers.hmap -Xcc -iquote -Xcc /Users/pafego/Library/Developer/Xcode/DerivedData/TonyGym-ezkmaxmmsdrivicfrlzviyflzeca/Build/Intermediates.noindex/TonyGym.build/Debug-iphonesimulator/TodayWorkoutWidgetExtension.build/TodayWorkoutWidgetExtension-project-headers.hmap -Xcc -I/Users/pafego/Library/Developer/Xcode/DerivedData/TonyGym-ezkmaxmmsdrivicfrlzviyflzeca/Build/Products/Debug-iphonesimulator/include -Xcc -I/Users/pafego/Library/Developer/Xcode/DerivedData/TonyGym-ezkmaxmmsdrivicfrlzviyflzeca/Build/Intermediates.noindex/TonyGym.build/Debug-iphonesimulator/TodayWorkoutWidgetExtension.build/DerivedSources-normal/arm64 -Xcc -I/Users/pafego/Library/Developer/Xcode/DerivedData/TonyGym-ezkmaxmmsdrivicfrlzviyflzeca/Build/Intermediates.noindex/TonyGym.build/Debug-iphonesimulator/TodayWorkoutWidgetExtension.build/DerivedSources/arm64 -Xcc -I/Users/pafego/Library/Developer/Xcode/DerivedData/TonyGym-ezkmaxmmsdrivicfrlzviyflzeca/Build/Intermediates.noindex/TonyGym.build/Debug-iphonesimulator/TodayWorkoutWidgetExtension.build/DerivedSources -Xcc -DDEBUG\=1 -emit-objc-header -emit-objc-header-path /Users/pafego/Library/Developer/Xcode/DerivedData/TonyGym-ezkmaxmmsdrivicfrlzviyflzeca/Build/Intermediates.noindex/TonyGym.build/Debug-iphonesimulator/TodayWorkoutWidgetExtension.build/Objects-normal/arm64/TodayWorkoutWidgetExtension-Swift.h -working-directory /Users/pafego/Desktop/swiftUI/TonyGym -experimental-emit-module-separately -disable-cmo

SwiftCompile normal arm64 Compiling\ DayPlan.swift /Users/pafego/Desktop/swiftUI/TonyGym/TonyGym/Models/DayPlan.swift (in target 'TodayWorkoutWidgetExtension' from project 'TonyGym')

SwiftCompile normal arm64 /Users/pafego/Desktop/swiftUI/TonyGym/TonyGym/Models/DayPlan.swift (in target 'TodayWorkoutWidgetExtension' from project 'TonyGym')
    cd /Users/pafego/Desktop/swiftUI/TonyGym
    

SwiftCompile normal arm64 Compiling\ TodayWorkoutWidget.swift /Users/pafego/Desktop/swiftUI/TonyGym/TodayWorkoutWidget/TodayWorkoutWidget.swift (in target 'TodayWorkoutWidgetExtension' from project 'TonyGym')
SwiftCompile normal arm64 /Users/pafego/Desktop/swiftUI/TonyGym/TodayWorkoutWidget/TodayWorkoutWidget.swift (in target 'TodayWorkoutWidgetExtension' from project 'TonyGym')
    cd /Users/pafego/Desktop/swiftUI/TonyGym
    

SwiftCompile normal arm64 Compiling\ StreakWidget.swift /Users/pafego/Desktop/swiftUI/TonyGym/TodayWorkoutWidget/StreakWidget.swift (in target 'TodayWorkoutWidgetExtension' from project 'TonyGym')

SwiftCompile normal arm64 /Users/pafego/Desktop/swiftUI/TonyGym/TodayWorkoutWidget/StreakWidget.swift (in target 'TodayWorkoutWidgetExtension' from project 'TonyGym')
    cd /Users/pafego/Desktop/swiftUI/TonyGym
    

SwiftCompile normal arm64 Compiling\ WorkoutLog.swift /Users/pafego/Desktop/swiftUI/TonyGym/TonyGym/Models/WorkoutLog.swift (in target 'TodayWorkoutWidgetExtension' from project 'TonyGym')
Failed frontend command:
/Applications/Xcode.app/Contents/Developer/Toolchains/XcodeDefault.xctoolchain/usr/bin/swift-frontend -frontend -c /Users/pafego/Desktop/swiftUI/TonyGym/TonyGym/Models/DayPlan.swift /Users/pafego/Desktop/swiftUI/TonyGym/TonyGym/Models/Exercise.swift /Users/pafego/Desktop/swiftUI/TonyGym/TodayWorkoutWidget/LockScreenWidget.swift /Users/pafego/Desktop/swiftUI/TonyGym/TodayWorkoutWidget/StreakWidget.swift /Users/pafego/Desktop/swiftUI/TonyGym/TodayWorkoutWidget/TodayWorkoutWidget.swift /Users/pafego/Desktop/swiftUI/TonyGym/TodayWorkoutWidget/TodayWorkoutWidgetBundle.swift /Users/pafego/Desktop/swiftUI/TonyGym/TodayWorkoutWidget/TodayWorkoutWidgetControl.swift /Users/pafego/Desktop/swiftUI/TonyGym/TodayWorkoutWidget/TodayWorkoutWidgetLiveActivity.swift /Users/pafego/Desktop/swiftUI/TonyGym/TonyGym/Models/Routine.swift -primary-file /Users/pafego/Desktop/swiftUI/TonyGym/TonyGym/Models/WorkoutLog.swift /Users/pafego/Library/Developer/Xcode/DerivedData/TonyGym-ezkmaxmmsdrivicfrlzviyflzeca/Build/Intermediates.noindex/TonyGym.build/Debug-iphonesimulator/TodayWorkoutWidgetExtension.build/DerivedSources/GeneratedAssetSymbols.swift -emit-dependencies-path /Users/pafego/Library/Developer/Xcode/DerivedData/TonyGym-ezkmaxmmsdrivicfrlzviyflzeca/Build/Intermediates.noindex/TonyGym.build/Debug-iphonesimulator/TodayWorkoutWidgetExtension.build/Objects-normal/arm64/WorkoutLog.d -emit-const-values-path /Users/pafego/Library/Developer/Xcode/DerivedData/TonyGym-ezkmaxmmsdrivicfrlzviyflzeca/Build/Intermediates.noindex/TonyGym.build/Debug-iphonesimulator/TodayWorkoutWidgetExtension.build/Objects-normal/arm64/WorkoutLog.swiftconstvalues -emit-reference-dependencies-path /Users/pafego/Library/Developer/Xcode/DerivedData/TonyGym-ezkmaxmmsdrivicfrlzviyflzeca/Build/Intermediates.noindex/TonyGym.build/Debug-iphonesimulator/TodayWorkoutWidgetExtension.build/Objects-normal/arm64/WorkoutLog.swiftdeps -serialize-diagnostics-path /Users/pafego/Library/Developer/Xcode/DerivedData/TonyGym-ezkmaxmmsdrivicfrlzviyflzeca/Build/Intermediates.noindex/TonyGym.build/Debug-iphonesimulator/TodayWorkoutWidgetExtension.build/Objects-normal/arm64/WorkoutLog.dia -emit-localized-strings -emit-localized-strings-path /Users/pafego/Library/Developer/Xcode/DerivedData/TonyGym-ezkmaxmmsdrivicfrlzviyflzeca/Build/Intermediates.noindex/TonyGym.build/Debug-iphonesimulator/TodayWorkoutWidgetExtension.build/Objects-normal/arm64 -target arm64-apple-ios26.0-simulator -module-can-import-version DeveloperToolsSupport 23.0.4 23.0.4 -module-can-import-version SwiftUI 7.0.84.1 7.0.84 -module-can-import-version UIKit 9088.1.113 9088.1.113 -disable-cross-import-overlay-search -swift-module-cross-import AppIntents /Applications/Xcode.app/Contents/Developer/Platforms/iPhoneSimulator.platform/Developer/SDKs/iPhoneSimulator.sdk/System/Library/Frameworks/AppIntents.framework/Modules/AppIntents.swiftcrossimport/SwiftUI.swiftoverlay -swift-module-cross-import AppIntents /Applications/Xcode.app/Contents/Developer/Platforms/iPhoneSimulator.platform/Developer/SDKs/iPhoneSimulator.sdk/System/Library/Frameworks/AppIntents.framework/Modules/AppIntents.swiftcrossimport/UIKit.swiftoverlay -swift-module-cross-import AppIntents /Applications/Xcode.app/Contents/Developer/Platforms/iPhoneSimulator.platform/Developer/SDKs/iPhoneSimulator26.0.sdk/System/Library/Frameworks/AppIntents.framework/Modules/AppIntents.swiftcrossimport/SwiftUI.swiftoverlay -swift-module-cross-import AppIntents /Applications/Xcode.app/Contents/Developer/Platforms/iPhoneSimulator.platform/Developer/SDKs/iPhoneSimulator26.0.sdk/System/Library/Frameworks/AppIntents.framework/Modules/AppIntents.swiftcrossimport/UIKit.swiftoverlay -swift-module-cross-import RelevanceKit /Applications/Xcode.app/Contents/Developer/Platforms/iPhoneSimulator.platform/Developer/SDKs/iPhoneSimulator.sdk/System/Library/Frameworks/RelevanceKit.framework/Modules/RelevanceKit.swiftcrossimport/MapKit.swiftoverlay -swift-module-cross-import RelevanceKit /Applications/Xcode.app/Contents/Developer/Platforms/iPhoneSimulator.platform/Developer/SDKs/iPhoneSimulator26.0.sdk/System/Library/Frameworks/RelevanceKit.framework/Modules/RelevanceKit.swiftcrossimport/MapKit.swiftoverlay -swift-module-cross-import SwiftData /Applications/Xcode.app/Contents/Developer/Platforms/iPhoneSimulator.platform/Developer/SDKs/iPhoneSimulator26.0.sdk/System/Library/Frameworks/SwiftData.framework/Modules/SwiftData.swiftcrossimport/CoreData.swiftoverlay -swift-module-cross-import SwiftData /Applications/Xcode.app/Contents/Developer/Platforms/iPhoneSimulator.platform/Developer/SDKs/iPhoneSimulator26.0.sdk/System/Library/Frameworks/SwiftData.framework/Modules/SwiftData.swiftcrossimport/SwiftUI.swiftoverlay -load-resolved-plugin /Applications/Xcode.app/Contents/Developer/Platforms/iPhoneOS.platform/Developer/usr/lib/swift/host/plugins/libAppIntentsMacros.dylib\#/Applications/Xcode.app/Contents/Developer/Platforms/iPhoneOS.platform/Developer/usr/bin/swift-plugin-server\#AppIntentsMacros -load-resolved-plugin /Applications/Xcode.app/Contents/Developer/Platforms/iPhoneOS.platform/Developer/usr/lib/swift/host/plugins/libFoundationMacros.dylib\#/Applications/Xcode.app/Contents/Developer/Platforms/iPhoneOS.platform/Developer/usr/bin/swift-plugin-server\#FoundationMacros -load-resolved-plugin /Applications/Xcode.app/Contents/Developer/Platforms/iPhoneOS.platform/Developer/usr/lib/swift/host/plugins/libObservationMacros.dylib\#/Applications/Xcode.app/Contents/Developer/Platforms/iPhoneOS.platform/Developer/usr/bin/swift-plugin-server\#ObservationMacros -load-resolved-plugin /Applications/Xcode.app/Contents/Developer/Platforms/iPhoneOS.platform/Developer/usr/lib/swift/host/plugins/libPreviewsMacros.dylib\#/Applications/Xcode.app/Contents/Developer/Platforms/iPhoneOS.platform/Developer/usr/bin/swift-plugin-server\#PreviewsMacros -load-resolved-plugin /Applications/Xcode.app/Contents/Developer/Platforms/iPhoneOS.platform/Developer/usr/lib/swift/host/plugins/libSwiftDataMacros.dylib\#/Applications/Xcode.app/Contents/Developer/Platforms/iPhoneOS.platform/Developer/usr/bin/swift-plugin-server\#SwiftDataMacros -load-resolved-plugin /Applications/Xcode.app/Contents/Developer/Platforms/iPhoneOS.platform/Developer/usr/lib/swift/host/plugins/libSwiftMacros.dylib\#/Applications/Xcode.app/Contents/Developer/Platforms/iPhoneOS.platform/Developer/usr/bin/swift-plugin-server\#SwiftMacros -load-resolved-plugin /Applications/Xcode.app/Contents/Developer/Platforms/iPhoneOS.platform/Developer/usr/lib/swift/host/plugins/libSwiftUIMacros.dylib\#/Applications/Xcode.app/Contents/Developer/Platforms/iPhoneOS.platform/Developer/usr/bin/swift-plugin-server\#SwiftUIMacros -disable-implicit-swift-modules -Xcc -fno-implicit-modules -Xcc -fno-implicit-module-maps -explicit-swift-module-map-file /Users/pafego/Library/Developer/Xcode/DerivedData/TonyGym-ezkmaxmmsdrivicfrlzviyflzeca/Build/Intermediates.noindex/TonyGym.build/Debug-iphonesimulator/TodayWorkoutWidgetExtension.build/Objects-normal/arm64/TodayWorkoutWidgetExtension-dependencies-1.json -Xllvm -aarch64-use-tbi -enable-objc-interop -sdk /Applications/Xcode.app/Contents/Developer/Platforms/iPhoneSimulator.platform/Developer/SDKs/iPhoneSimulator26.0.sdk -I /Users/pafego/Library/Developer/Xcode/DerivedData/TonyGym-ezkmaxmmsdrivicfrlzviyflzeca/Build/Products/Debug-iphonesimulator -F /Users/pafego/Library/Developer/Xcode/DerivedData/TonyGym-ezkmaxmmsdrivicfrlzviyflzeca/Build/Products/Debug-iphonesimulator -no-color-diagnostics -Xcc -fno-color-diagnostics -application-extension -enable-testing -g -debug-info-format\=dwarf -dwarf-version\=5 -module-cache-path /Users/pafego/Library/Developer/Xcode/DerivedData/TonyGym-ezkmaxmmsdrivicfrlzviyflzeca/Build/Intermediates.noindex/SwiftExplicitPrecompiledModules -swift-version 5 -enforce-exclusivity\=checked -Onone -D DEBUG -serialize-debugging-options -const-gather-protocols-file /Users/pafego/Library/Developer/Xcode/DerivedData/TonyGym-ezkmaxmmsdrivicfrlzviyflzeca/Build/Intermediates.noindex/TonyGym.build/Debug-iphonesimulator/TodayWorkoutWidgetExtension.build/Objects-normal/arm64/TodayWorkoutWidgetExtension_const_extract_protocols.json -enable-upcoming-feature DisableOutwardActorInference -enable-upcoming-feature InferSendableFromCaptures -enable-upcoming-feature GlobalActorIsolatedTypesUsability -enable-upcoming-feature MemberImportVisibility -enable-upcoming-feature InferIsolatedConformances -enable-upcoming-feature NonisolatedNonsendingByDefault -enable-experimental-feature DebugDescriptionMacro -enable-bare-slash-regex -empty-abi-descriptor -validate-clang-modules-once -clang-build-session-file /Users/pafego/Library/Developer/Xcode/DerivedData/ModuleCache.noindex/Session.modulevalidation -Xcc -working-directory -Xcc /Users/pafego/Desktop/swiftUI/TonyGym -enable-anonymous-context-mangled-names -file-compilation-dir /Users/pafego/Desktop/swiftUI/TonyGym -Xcc -D_LIBCPP_HARDENING_MODE\=_LIBCPP_HARDENING_MODE_DEBUG -Xcc -ivfsstatcache -Xcc /Users/pafego/Library/Developer/Xcode/DerivedData/SDKStatCaches.noindex/iphonesimulator26.0-23A339-26257891a6c027eb51374368541b8346.sdkstatcache -Xcc -I/Users/pafego/Library/Developer/Xcode/DerivedData/TonyGym-ezkmaxmmsdrivicfrlzviyflzeca/Build/Intermediates.noindex/TonyGym.build/Debug-iphonesimulator/TodayWorkoutWidgetExtension.build/swift-overrides.hmap -Xcc -iquote -Xcc /Users/pafego/Library/Developer/Xcode/DerivedData/TonyGym-ezkmaxmmsdrivicfrlzviyflzeca/Build/Intermediates.noindex/TonyGym.build/Debug-iphonesimulator/TodayWorkoutWidgetExtension.build/TodayWorkoutWidgetExtension-generated-files.hmap -Xcc -I/Users/pafego/Library/Developer/Xcode/DerivedData/TonyGym-ezkmaxmmsdrivicfrlzviyflzeca/Build/Intermediates.noindex/TonyGym.build/Debug-iphonesimulator/TodayWorkoutWidgetExtension.build/TodayWorkoutWidgetExtension-own-target-headers.hmap -Xcc -I/Users/pafego/Library/Developer/Xcode/DerivedData/TonyGym-ezkmaxmmsdrivicfrlzviyflzeca/Build/Intermediates.noindex/TonyGym.build/Debug-iphonesimulator/TodayWorkoutWidgetExtension.build/TodayWorkoutWidgetExtension-all-target-headers.hmap -Xcc -iquote -Xcc /Users/pafego/Library/Developer/Xcode/DerivedData/TonyGym-ezkmaxmmsdrivicfrlzviyflzeca/Build/Intermediates.noindex/TonyGym.build/Debug-iphonesimulator/TodayWorkoutWidgetExtension.build/TodayWorkoutWidgetExtension-project-headers.hmap -Xcc -I/Users/pafego/Library/Developer/Xcode/DerivedData/TonyGym-ezkmaxmmsdrivicfrlzviyflzeca/Build/Products/Debug-iphonesimulator/include -Xcc -I/Users/pafego/Library/Developer/Xcode/DerivedData/TonyGym-ezkmaxmmsdrivicfrlzviyflzeca/Build/Intermediates.noindex/TonyGym.build/Debug-iphonesimulator/TodayWorkoutWidgetExtension.build/DerivedSources-normal/arm64 -Xcc -I/Users/pafego/Library/Developer/Xcode/DerivedData/TonyGym-ezkmaxmmsdrivicfrlzviyflzeca/Build/Intermediates.noindex/TonyGym.build/Debug-iphonesimulator/TodayWorkoutWidgetExtension.build/DerivedSources/arm64 -Xcc -I/Users/pafego/Library/Developer/Xcode/DerivedData/TonyGym-ezkmaxmmsdrivicfrlzviyflzeca/Build/Intermediates.noindex/TonyGym.build/Debug-iphonesimulator/TodayWorkoutWidgetExtension.build/DerivedSources -Xcc -DDEBUG\=1 -no-auto-bridging-header-chaining -module-name TodayWorkoutWidgetExtension -frontend-parseable-output -disable-clang-spi -target-sdk-version 26.0 -target-sdk-name iphonesimulator26.0 -clang-target arm64-apple-ios26.0-simulator -in-process-plugin-server-path /Applications/Xcode.app/Contents/Developer/Toolchains/XcodeDefault.xctoolchain/usr/lib/swift/host/libSwiftInProcPluginServer.dylib -o /Users/pafego/Library/Developer/Xcode/DerivedData/TonyGym-ezkmaxmmsdrivicfrlzviyflzeca/Build/Intermediates.noindex/TonyGym.build/Debug-iphonesimulator/TodayWorkoutWidgetExtension.build/Objects-normal/arm64/WorkoutLog.o -index-unit-output-path /TonyGym.build/Debug-iphonesimulator/TodayWorkoutWidgetExtension.build/Objects-normal/arm64/WorkoutLog.o -index-store-path /Users/pafego/Library/Developer/Xcode/DerivedData/TonyGym-ezkmaxmmsdrivicfrlzviyflzeca/Index.noindex/DataStore -index-system-modules

SwiftCompile normal arm64 /Users/pafego/Desktop/swiftUI/TonyGym/TonyGym/Models/WorkoutLog.swift (in target 'TodayWorkoutWidgetExtension' from project 'TonyGym')
    cd /Users/pafego/Desktop/swiftUI/TonyGym
    
/Users/pafego/Desktop/swiftUI/TonyGym/TonyGym/Models/WorkoutLog.swift:13:51: error: cannot find 'WorkoutSet' in scope
    @Relationship(deleteRule: .cascade, inverse: \WorkoutSet.workoutLog) var individualSets: [WorkoutSet] // Series individuales
                                                  ^~~~~~~~~~
/Users/pafego/Desktop/swiftUI/TonyGym/TonyGym/Models/WorkoutLog.swift:13:51: error: invalid component of Swift key path
    @Relationship(deleteRule: .cascade, inverse: \WorkoutSet.workoutLog) var individualSets: [WorkoutSet] // Series individuales
                                                  ^
/Users/pafego/Desktop/swiftUI/TonyGym/TonyGym/Models/WorkoutLog.swift:13:95: error: cannot find type 'WorkoutSet' in scope
    @Relationship(deleteRule: .cascade, inverse: \WorkoutSet.workoutLog) var individualSets: [WorkoutSet] // Series individuales
                                                                                              ^~~~~~~~~~
@__swiftmacro_27TodayWorkoutWidgetExtension0B3Log5ModelfMm_.swift:22:191: error: cannot find 'WorkoutSet' in scope
    SwiftData.Schema.PropertyMetadata(name: "individualSets", keypath: \WorkoutLog.individualSets, defaultValue: nil, metadata: SwiftData.Schema.Relationship(deleteRule: .cascade, inverse: \WorkoutSet.workoutLog))
                                                                                                                                                                                              ^~~~~~~~~~
/Users/pafego/Desktop/swiftUI/TonyGym/TonyGym/Models/WorkoutLog.swift:4:1: note: in expansion of macro 'Model' on class 'WorkoutLog' here
@Model
^~~~~~
/Users/pafego/Desktop/swiftUI/TonyGym/TonyGym/Models/WorkoutLog.swift:4:1: note: in expansion of macro 'Model' on class 'WorkoutLog' here
@Model
^~~~~~
@__swiftmacro_27TodayWorkoutWidgetExtension0B3Log5ModelfMm_.swift:22:191: error: invalid component of Swift key path
    SwiftData.Schema.PropertyMetadata(name: "individualSets", keypath: \WorkoutLog.individualSets, defaultValue: nil, metadata: SwiftData.Schema.Relationship(deleteRule: .cascade, inverse: \WorkoutSet.workoutLog))
                                                                                                                                                                                              ^
/Users/pafego/Desktop/swiftUI/TonyGym/TonyGym/Models/WorkoutLog.swift:4:1: note: in expansion of macro 'Model' on class 'WorkoutLog' here
@Model
^~~~~~
/Users/pafego/Desktop/swiftUI/TonyGym/TonyGym/Models/WorkoutLog.swift:4:1: note: in expansion of macro 'Model' on class 'WorkoutLog' here
@Model
^~~~~~

SwiftCompile normal arm64 Compiling\ TodayWorkoutWidgetLiveActivity.swift /Users/pafego/Desktop/swiftUI/TonyGym/TodayWorkoutWidget/TodayWorkoutWidgetLiveActivity.swift (in target 'TodayWorkoutWidgetExtension' from project 'TonyGym')

SwiftCompile normal arm64 /Users/pafego/Desktop/swiftUI/TonyGym/TodayWorkoutWidget/TodayWorkoutWidgetLiveActivity.swift (in target 'TodayWorkoutWidgetExtension' from project 'TonyGym')
    cd /Users/pafego/Desktop/swiftUI/TonyGym
    

SwiftCompile normal arm64 Compiling\ Routine.swift /Users/pafego/Desktop/swiftUI/TonyGym/TonyGym/Models/Routine.swift (in target 'TodayWorkoutWidgetExtension' from project 'TonyGym')
SwiftCompile normal arm64 /Users/pafego/Desktop/swiftUI/TonyGym/TonyGym/Models/Routine.swift (in target 'TodayWorkoutWidgetExtension' from project 'TonyGym')
    cd /Users/pafego/Desktop/swiftUI/TonyGym
    

SwiftCompile normal arm64 Compiling\ GeneratedAssetSymbols.swift /Users/pafego/Library/Developer/Xcode/DerivedData/TonyGym-ezkmaxmmsdrivicfrlzviyflzeca/Build/Intermediates.noindex/TonyGym.build/Debug-iphonesimulator/TodayWorkoutWidgetExtension.build/DerivedSources/GeneratedAssetSymbols.swift (in target 'TodayWorkoutWidgetExtension' from project 'TonyGym')

SwiftCompile normal arm64 /Users/pafego/Library/Developer/Xcode/DerivedData/TonyGym-ezkmaxmmsdrivicfrlzviyflzeca/Build/Intermediates.noindex/TonyGym.build/Debug-iphonesimulator/TodayWorkoutWidgetExtension.build/DerivedSources/GeneratedAssetSymbols.swift (in target 'TodayWorkoutWidgetExtension' from project 'TonyGym')
    cd /Users/pafego/Desktop/swiftUI/TonyGym
    

SwiftCompile normal arm64 Compiling\ LockScreenWidget.swift /Users/pafego/Desktop/swiftUI/TonyGym/TodayWorkoutWidget/LockScreenWidget.swift (in target 'TodayWorkoutWidgetExtension' from project 'TonyGym')

SwiftCompile normal arm64 /Users/pafego/Desktop/swiftUI/TonyGym/TodayWorkoutWidget/LockScreenWidget.swift (in target 'TodayWorkoutWidgetExtension' from project 'TonyGym')
    cd /Users/pafego/Desktop/swiftUI/TonyGym
    

SwiftCompile normal arm64 Compiling\ Exercise.swift /Users/pafego/Desktop/swiftUI/TonyGym/TonyGym/Models/Exercise.swift (in target 'TodayWorkoutWidgetExtension' from project 'TonyGym')

SwiftCompile normal arm64 /Users/pafego/Desktop/swiftUI/TonyGym/TonyGym/Models/Exercise.swift (in target 'TodayWorkoutWidgetExtension' from project 'TonyGym')
    cd /Users/pafego/Desktop/swiftUI/TonyGym
    

SwiftCompile normal arm64 Compiling\ TodayWorkoutWidgetBundle.swift /Users/pafego/Desktop/swiftUI/TonyGym/TodayWorkoutWidget/TodayWorkoutWidgetBundle.swift (in target 'TodayWorkoutWidgetExtension' from project 'TonyGym')

SwiftCompile normal arm64 /Users/pafego/Desktop/swiftUI/TonyGym/TodayWorkoutWidget/TodayWorkoutWidgetBundle.swift (in target 'TodayWorkoutWidgetExtension' from project 'TonyGym')
    cd /Users/pafego/Desktop/swiftUI/TonyGym
    

SwiftCompile normal arm64 Compiling\ TodayWorkoutWidgetControl.swift /Users/pafego/Desktop/swiftUI/TonyGym/TodayWorkoutWidget/TodayWorkoutWidgetControl.swift (in target 'TodayWorkoutWidgetExtension' from project 'TonyGym')

SwiftCompile normal arm64 /Users/pafego/Desktop/swiftUI/TonyGym/TodayWorkoutWidget/TodayWorkoutWidgetControl.swift (in target 'TodayWorkoutWidgetExtension' from project 'TonyGym')
    cd /Users/pafego/Desktop/swiftUI/TonyGym
    

SwiftEmitModule normal arm64 Emitting\ module\ for\ TodayWorkoutWidgetExtension (in target 'TodayWorkoutWidgetExtension' from project 'TonyGym')

EmitSwiftModule normal arm64 (in target 'TodayWorkoutWidgetExtension' from project 'TonyGym')
    cd /Users/pafego/Desktop/swiftUI/TonyGym
    

SwiftDriverJobDiscovery normal arm64 Compiling GeneratedAssetSymbols.swift (in target 'TodayWorkoutWidgetExtension' from project 'TonyGym')

SwiftDriverJobDiscovery normal arm64 Compiling TodayWorkoutWidgetBundle.swift (in target 'TodayWorkoutWidgetExtension' from project 'TonyGym')

SwiftDriverJobDiscovery normal arm64 Compiling TodayWorkoutWidgetControl.swift (in target 'TodayWorkoutWidgetExtension' from project 'TonyGym')

** BUILD FAILED **


The following build commands failed:
	SwiftCompile normal arm64 Compiling\ WorkoutLog.swift /Users/pafego/Desktop/swiftUI/TonyGym/TonyGym/Models/WorkoutLog.swift (in target 'TodayWorkoutWidgetExtension' from project 'TonyGym')
	SwiftCompile normal arm64 /Users/pafego/Desktop/swiftUI/TonyGym/TonyGym/Models/WorkoutLog.swift (in target 'TodayWorkoutWidgetExtension' from project 'TonyGym')
	Building project TonyGym with scheme TonyGym
(3 failures)
